2024-06-27 19:30:49,438 - INFO - Starting application
2024-06-27 19:30:49,439 - INFO - Loaded environment variables
2024-06-27 19:30:49,439 - INFO - Configured session and cache
2024-06-27 19:30:49,439 - INFO - Starting cache refresh thread
2024-06-27 19:30:49,439 - INFO - Starting Flask application
2024-06-27 19:30:49,701 - INFO - Starting application
2024-06-27 19:30:49,701 - INFO - Loaded environment variables
2024-06-27 19:30:49,702 - INFO - Configured session and cache
2024-06-27 19:30:49,702 - INFO - Starting cache refresh thread
2024-06-27 19:30:49,702 - INFO - Starting Flask application
2024-06-28 11:45:10,370 - INFO - Starting application
2024-06-28 11:45:10,370 - INFO - Loaded environment variables
2024-06-28 11:45:10,370 - INFO - Configured session and cache
2024-06-28 11:45:10,371 - INFO - Starting cache refresh thread
2024-06-28 11:45:10,371 - INFO - Starting Flask application
2024-06-28 11:45:13,833 - INFO - Starting application
2024-06-28 11:45:13,833 - INFO - Loaded environment variables
2024-06-28 11:45:13,833 - INFO - Configured session and cache
2024-06-28 11:45:13,834 - INFO - Starting cache refresh thread
2024-06-28 11:45:13,834 - INFO - Starting Flask application
2024-06-28 11:45:15,251 - INFO - Starting application
2024-06-28 11:45:15,251 - INFO - Loaded environment variables
2024-06-28 11:45:15,251 - INFO - Configured session and cache
2024-06-28 11:45:15,252 - INFO - Starting cache refresh thread
2024-06-28 11:45:15,252 - INFO - Starting Flask application
2024-06-28 11:45:17,667 - INFO - Starting application
2024-06-28 11:45:17,668 - INFO - Loaded environment variables
2024-06-28 11:45:17,668 - INFO - Configured session and cache
2024-06-28 11:45:17,669 - INFO - Starting cache refresh thread
2024-06-28 11:45:17,669 - INFO - Starting Flask application
2024-06-28 11:45:20,093 - INFO - Starting application
2024-06-28 11:45:20,093 - INFO - Loaded environment variables
2024-06-28 11:45:20,094 - INFO - Configured session and cache
2024-06-28 11:45:20,094 - INFO - Starting cache refresh thread
2024-06-28 11:45:20,094 - INFO - Starting Flask application
2024-06-28 11:45:21,505 - INFO - Starting application
2024-06-28 11:45:21,506 - INFO - Loaded environment variables
2024-06-28 11:45:21,506 - INFO - Configured session and cache
2024-06-28 11:45:21,506 - INFO - Starting cache refresh thread
2024-06-28 11:45:21,507 - INFO - Starting Flask application
2024-06-28 11:45:22,907 - INFO - Starting application
2024-06-28 11:45:22,908 - INFO - Loaded environment variables
2024-06-28 11:45:22,908 - INFO - Configured session and cache
2024-06-28 11:45:22,908 - INFO - Starting cache refresh thread
2024-06-28 11:45:22,908 - INFO - Starting Flask application
2024-06-28 11:45:24,293 - INFO - Starting application
2024-06-28 11:45:24,293 - INFO - Loaded environment variables
2024-06-28 11:45:24,294 - INFO - Configured session and cache
2024-06-28 11:45:24,294 - INFO - Starting cache refresh thread
2024-06-28 11:45:24,294 - INFO - Starting Flask application
2024-06-28 11:45:27,727 - INFO - Starting application
2024-06-28 11:45:27,727 - INFO - Loaded environment variables
2024-06-28 11:45:27,727 - INFO - Configured session and cache
2024-06-28 11:45:27,728 - INFO - Starting cache refresh thread
2024-06-28 11:45:27,729 - INFO - Starting Flask application
2024-06-28 11:45:37,314 - INFO - Starting application
2024-06-28 11:45:37,314 - INFO - Loaded environment variables
2024-06-28 11:45:37,314 - INFO - Configured session and cache
2024-06-28 11:45:37,315 - INFO - Starting cache refresh thread
2024-06-28 11:45:37,315 - INFO - Starting Flask application
2024-06-28 16:12:03,840 - INFO - Starting application
2024-06-28 16:12:03,840 - INFO - Loaded environment variables
2024-06-28 16:12:03,840 - INFO - Configured session and cache
2024-06-28 16:12:03,841 - INFO - Starting cache refresh thread
2024-06-28 16:12:03,841 - INFO - Starting Flask application
2024-06-28 16:12:04,096 - INFO - Starting application
2024-06-28 16:12:04,096 - INFO - Loaded environment variables
2024-06-28 16:12:04,096 - INFO - Configured session and cache
2024-06-28 16:12:04,097 - INFO - Starting cache refresh thread
2024-06-28 16:12:04,097 - INFO - Starting Flask application
2024-06-28 16:51:27,792 - INFO - Starting application
2024-06-28 16:51:27,792 - INFO - Loaded environment variables
2024-06-28 16:51:27,792 - INFO - Configured session and cache
2024-06-28 16:51:27,793 - INFO - Starting cache refresh thread
2024-06-28 16:51:27,793 - INFO - Starting Flask application
2024-06-28 16:51:32,327 - INFO - Starting application
2024-06-28 16:51:32,327 - INFO - Loaded environment variables
2024-06-28 16:51:32,327 - INFO - Configured session and cache
2024-06-28 16:51:32,327 - INFO - Starting cache refresh thread
2024-06-28 16:51:32,328 - INFO - Starting Flask application
